<?xml version="1.0" encoding="UTF-8"?>
<!-- Generated by org.testng.reporters.JUnitXMLReporter -->
<testsuite ignored="0" hostname="LAPTOP-UL54PSPR" failures="0" tests="2" name="chrome" time="0.045" errors="0" timestamp="2022-02-01T11:13:01 IST">
  <testcase classname="test.VerifyLiveAndRankingButton" name="@BeforeTest launchBrowser" time="-1.643694181135E9">
    <failure type="org.testng.TestNGException" message="
Can inject only one of &amp;lt;ITestContext, XmlTest&amp;gt; into a @BeforeTest annotated launchBrowser.
For more information on native dependency injection please refer to https://testng.org/doc/documentation-main.html#native-dependency-injection">
      <![CDATA[org.testng.TestNGException: 
Can inject only one of <ITestContext, XmlTest> into a @BeforeTest annotated launchBrowser.
For more information on native dependency injection please refer to https://testng.org/doc/documentation-main.html#native-dependency-injection
... Removed 21 stack frames]]>
    </failure>
  </testcase> <!-- @BeforeTest launchBrowser -->
  <testcase classname="test.VerifyLiveAndRankingButton" name="@BeforeClass initializePomClasses" time="-1.643694181154E9">
    <skipped/>
  </testcase> <!-- @BeforeClass initializePomClasses -->
  <testcase classname="test.VerifyLiveAndRankingButton" name="@BeforeMethod getlaunchBrowser" time="-1.643694181163E9">
    <skipped/>
  </testcase> <!-- @BeforeMethod getlaunchBrowser -->
  <testcase classname="test.VerifyLiveAndRankingButton" name="@AfterMethod aftermethod" time="-1.643694181168E9">
    <skipped/>
  </testcase> <!-- @AfterMethod aftermethod -->
  <testcase classname="test.VerifyLiveAndRankingButton" name="@BeforeMethod getlaunchBrowser" time="-1.64369418117E9">
    <skipped/>
  </testcase> <!-- @BeforeMethod getlaunchBrowser -->
  <testcase classname="test.VerifyLiveAndRankingButton" name="@AfterMethod aftermethod" time="-1.643694181173E9">
    <skipped/>
  </testcase> <!-- @AfterMethod aftermethod -->
  <testcase classname="test.VerifyLiveAndRankingButton" name="@AfterClass closeBrowser" time="-1.643694181174E9">
    <skipped/>
  </testcase> <!-- @AfterClass closeBrowser -->
  <testcase classname="test.VerifyLiveAndRankingButton" name="@AfterTest closedBrowser" time="-1.643694181176E9">
    <skipped/>
  </testcase> <!-- @AfterTest closedBrowser -->
  <testcase classname="test.VerifyLiveAndRankingButton" name="toVerifyLiveScoreButton" time="0.0">
    <skipped/>
  </testcase> <!-- toVerifyLiveScoreButton -->
  <testcase classname="test.VerifyLiveAndRankingButton" name="toVerifyRankingButton" time="0.0">
    <skipped/>
  </testcase> <!-- toVerifyRankingButton -->
</testsuite> <!-- chrome -->
