<?xml version="1.0" encoding="UTF-8"?>
<!-- Generated by org.testng.reporters.JUnitXMLReporter -->
<testsuite ignored="0" hostname="LAPTOP-UL54PSPR" failures="0" tests="2" name="EdgeTest" time="0.023" errors="0" timestamp="2022-02-01T11:28:19 IST">
  <testcase classname="test.VerifyLiveAndRankingButton" name="@BeforeTest launchBrowser" time="0.004">
    <failure type="java.lang.IllegalStateException" message="The path to the driver executable must be set by the webdriver.edge.driver system property; for more information, see https://github.com/SeleniumHQ/selenium/wiki/MicrosoftWebDriver. The latest version can be downloaded from http://go.microsoft.com/fwlink/?LinkId=619687">
      <![CDATA[java.lang.IllegalStateException: The path to the driver executable must be set by the webdriver.edge.driver system property; for more information, see https://github.com/SeleniumHQ/selenium/wiki/MicrosoftWebDriver. The latest version can be downloaded from http://go.microsoft.com/fwlink/?LinkId=619687
at com.google.common.base.Preconditions.checkState(Preconditions.java:847)
at org.openqa.selenium.remote.service.DriverService.findExecutable(DriverService.java:134)
at org.openqa.selenium.edge.EdgeDriverService.access$000(EdgeDriverService.java:37)
at org.openqa.selenium.edge.EdgeDriverService$Builder.findDefaultExecutable(EdgeDriverService.java:90)
at org.openqa.selenium.remote.service.DriverService$Builder.build(DriverService.java:355)
at org.openqa.selenium.edge.EdgeDriverService.createDefaultService(EdgeDriverService.java:70)
at org.openqa.selenium.edge.EdgeDriver.<init>(EdgeDriver.java:96)
at Base.Pojo.openEdgeBrowser(Pojo.java:27)
at test.VerifyLiveAndRankingButton.launchBrowser(VerifyLiveAndRankingButton.java:46)
... Removed 24 stack frames]]>
    </failure>
  </testcase> <!-- @BeforeTest launchBrowser -->
  <testcase classname="test.VerifyLiveAndRankingButton" name="@BeforeClass initializePomClasses" time="-1.643695099344E9">
    <skipped/>
  </testcase> <!-- @BeforeClass initializePomClasses -->
  <testcase classname="test.VerifyLiveAndRankingButton" name="@BeforeMethod getlaunchBrowser" time="-1.643695099346E9">
    <skipped/>
  </testcase> <!-- @BeforeMethod getlaunchBrowser -->
  <testcase classname="test.VerifyLiveAndRankingButton" name="@AfterMethod aftermethod" time="-1.643695099351E9">
    <skipped/>
  </testcase> <!-- @AfterMethod aftermethod -->
  <testcase classname="test.VerifyLiveAndRankingButton" name="@BeforeMethod getlaunchBrowser" time="-1.643695099353E9">
    <skipped/>
  </testcase> <!-- @BeforeMethod getlaunchBrowser -->
  <testcase classname="test.VerifyLiveAndRankingButton" name="@AfterMethod aftermethod" time="-1.643695099356E9">
    <skipped/>
  </testcase> <!-- @AfterMethod aftermethod -->
  <testcase classname="test.VerifyLiveAndRankingButton" name="@AfterClass closeBrowser" time="-1.643695099358E9">
    <skipped/>
  </testcase> <!-- @AfterClass closeBrowser -->
  <testcase classname="test.VerifyLiveAndRankingButton" name="@AfterTest closedBrowser" time="-1.643695099359E9">
    <skipped/>
  </testcase> <!-- @AfterTest closedBrowser -->
  <testcase classname="test.VerifyLiveAndRankingButton" name="toVerifyLiveScoreButton" time="0.0">
    <skipped/>
  </testcase> <!-- toVerifyLiveScoreButton -->
  <testcase classname="test.VerifyLiveAndRankingButton" name="toVerifyRankingButton" time="0.0">
    <skipped/>
  </testcase> <!-- toVerifyRankingButton -->
</testsuite> <!-- EdgeTest -->
