<?xml version="1.0" encoding="UTF-8"?>
<!-- Generated by org.testng.reporters.JUnitXMLReporter -->
<testsuite ignored="0" hostname="LAPTOP-UL54PSPR" failures="0" tests="2" name="FirefoxTest" time="4.494" errors="0" timestamp="2022-02-01T19:35:07 IST">
  <testcase classname="test.VerifyLiveAndRankingButton" name="@BeforeTest launchBrowser" time="4.477">
    <failure type="org.openqa.selenium.WebDriverException" message="Process unexpectedly closed with status 0
Build info: version: &amp;apos;3.141.59&amp;apos;, revision: &amp;apos;e82be7d358&amp;apos;, time: &amp;apos;2018-11-14T08:17:03&amp;apos;
System info: host: &amp;apos;LAPTOP-UL54PSPR&amp;apos;, ip: &amp;apos;192.168.0.104&amp;apos;, os.name: &amp;apos;Windows 10&amp;apos;, os.arch: &amp;apos;amd64&amp;apos;, os.version: &amp;apos;10.0&amp;apos;, java.version: &amp;apos;16.0.1&amp;apos;
Driver info: driver.version: FirefoxDriver
remote stacktrace: ">
      <![CDATA[org.openqa.selenium.WebDriverException: Process unexpectedly closed with status 0
Build info: version: '3.141.59', revision: 'e82be7d358', time: '2018-11-14T08:17:03'
System info: host: 'LAPTOP-UL54PSPR', ip: '192.168.0.104', os.name: 'Windows 10', os.arch: 'amd64', os.version: '10.0', java.version: '16.0.1'
Driver info: driver.version: FirefoxDriver
remote stacktrace: 
at org.openqa.selenium.remote.W3CHandshakeResponse.lambda$errorHandler$0(W3CHandshakeResponse.java:62)
at org.openqa.selenium.remote.HandshakeResponse.lambda$getResponseFunction$0(HandshakeResponse.java:30)
at org.openqa.selenium.remote.ProtocolHandshake.lambda$createSession$0(ProtocolHandshake.java:126)
at java.base/java.util.stream.ReferencePipeline$3$1.accept(ReferencePipeline.java:197)
at java.base/java.util.Spliterators$ArraySpliterator.tryAdvance(Spliterators.java:958)
at java.base/java.util.stream.ReferencePipeline.forEachWithCancel(ReferencePipeline.java:129)
at java.base/java.util.stream.AbstractPipeline.copyIntoWithCancel(AbstractPipeline.java:502)
at java.base/java.util.stream.AbstractPipeline.copyInto(AbstractPipeline.java:488)
at java.base/java.util.stream.AbstractPipeline.wrapAndCopyInto(AbstractPipeline.java:474)
at java.base/java.util.stream.FindOps$FindOp.evaluateSequential(FindOps.java:150)
at java.base/java.util.stream.AbstractPipeline.evaluate(AbstractPipeline.java:234)
at java.base/java.util.stream.ReferencePipeline.findFirst(ReferencePipeline.java:647)
at org.openqa.selenium.remote.ProtocolHandshake.createSession(ProtocolHandshake.java:128)
at org.openqa.selenium.remote.ProtocolHandshake.createSession(ProtocolHandshake.java:74)
at org.openqa.selenium.remote.HttpCommandExecutor.execute(HttpCommandExecutor.java:136)
at org.openqa.selenium.remote.service.DriverCommandExecutor.execute(DriverCommandExecutor.java:83)
at org.openqa.selenium.remote.RemoteWebDriver.execute(RemoteWebDriver.java:552)
at org.openqa.selenium.remote.RemoteWebDriver.startSession(RemoteWebDriver.java:213)
at org.openqa.selenium.remote.RemoteWebDriver.<init>(RemoteWebDriver.java:131)
at org.openqa.selenium.firefox.FirefoxDriver.<init>(FirefoxDriver.java:147)
at org.openqa.selenium.firefox.FirefoxDriver.<init>(FirefoxDriver.java:125)
at Base.Pojo.openFirefoxBrowser(Pojo.java:20)
at test.VerifyLiveAndRankingButton.launchBrowser(VerifyLiveAndRankingButton.java:53)
... Removed 29 stack frames]]>
    </failure>
  </testcase> <!-- @BeforeTest launchBrowser -->
  <testcase classname="test.VerifyLiveAndRankingButton" name="@BeforeClass initializePomClasses" time="-1.64372430777E9">
    <skipped/>
  </testcase> <!-- @BeforeClass initializePomClasses -->
  <testcase classname="test.VerifyLiveAndRankingButton" name="@BeforeMethod getlaunchBrowser" time="-1.643724307771E9">
    <skipped/>
  </testcase> <!-- @BeforeMethod getlaunchBrowser -->
  <testcase classname="test.VerifyLiveAndRankingButton" name="@AfterMethod aftermethod" time="-1.643724307776E9">
    <skipped/>
  </testcase> <!-- @AfterMethod aftermethod -->
  <testcase classname="test.VerifyLiveAndRankingButton" name="@BeforeMethod getlaunchBrowser" time="-1.643724307778E9">
    <skipped/>
  </testcase> <!-- @BeforeMethod getlaunchBrowser -->
  <testcase classname="test.VerifyLiveAndRankingButton" name="@AfterMethod aftermethod" time="-1.643724307781E9">
    <skipped/>
  </testcase> <!-- @AfterMethod aftermethod -->
  <testcase classname="test.VerifyLiveAndRankingButton" name="@AfterClass closeBrowser" time="-1.643724307782E9">
    <skipped/>
  </testcase> <!-- @AfterClass closeBrowser -->
  <testcase classname="test.VerifyLiveAndRankingButton" name="@AfterTest closedBrowser" time="-1.643724307783E9">
    <skipped/>
  </testcase> <!-- @AfterTest closedBrowser -->
  <testcase classname="test.VerifyLiveAndRankingButton" name="toVerifyLiveScoreButton" time="0.0">
    <skipped/>
  </testcase> <!-- toVerifyLiveScoreButton -->
  <testcase classname="test.VerifyLiveAndRankingButton" name="toVerifyRankingButton" time="0.0">
    <skipped/>
  </testcase> <!-- toVerifyRankingButton -->
</testsuite> <!-- FirefoxTest -->
